<?xml version="1.0" encoding="UTF-8"?>
<testsuite xmlns:xsi="http://www.w3.org/2001/XMLSchema-instance" xsi:noNamespaceSchemaLocation="https://maven.apache.org/surefire/maven-surefire-plugin/xsd/surefire-test-report.xsd" name="TestSuite" time="40.984" tests="8" errors="0" skipped="0" failures="4">
  <properties>
[...]
</properties>
  <testcase name="test01_verify_HelloHeader" classname="sanity.LadyMakeupWeb" time="7.886"/>
  <testcase name="test02_moveTo_makeupBoxes" classname="sanity.LadyMakeupWeb" time="4.468"/>
  <testcase name="test03_verify_orderItem" classname="sanity.LadyMakeupWeb" time="1.445">
    <failure message="element click intercepted: Element &lt;a href=&quot;#&quot; class=&quot;btn btn-light  d-flex align-items-center mx-auto btn-quickcart-add&quot; product_id=&quot;33643&quot; product_type=&quot;simple&quot;&gt;...&lt;/a&gt; is not clickable at point (579, 676). Other element would receive the click: &lt;div id=&quot;quickcart-bottom-body&quot; class=&quot;container-fluid align-items-center justify-content-between d-flex h-100 px-1 px-md-2&quot;&gt;...&lt;/div&gt;&#10;  (Session info: chrome=101.0.4951.54)&#10;Build info: version: &apos;3.141.59&apos;, revision: &apos;e82be7d358&apos;, time: &apos;2018-11-14T08:17:03&apos;&#10;System info: host: &apos;DESKTOP-G4453NC&apos;, ip: &apos;192.168.0.115&apos;, os.name: &apos;Windows 10&apos;, os.arch: &apos;amd64&apos;, os.version: &apos;10.0&apos;, java.version: &apos;1.8.0_211&apos;&#10;Driver info: org.openqa.selenium.chrome.ChromeDriver&#10;Capabilities {acceptInsecureCerts: false, browserName: chrome, browserVersion: 101.0.4951.54, chrome: {chromedriverVersion: 101.0.4951.41 (93c720db8323..., userDataDir: C:\Users\DimaA\AppData\Loca...}, goog:chromeOptions: {debuggerAddress: localhost:60634}, javascriptEnabled: true, networkConnectionEnabled: false, pageLoadStrategy: normal, platform: WINDOWS, platformName: WINDOWS, proxy: Proxy(), setWindowRect: true, strictFileInteractability: false, timeouts: {implicit: 0, pageLoad: 300000, script: 30000}, unhandledPromptBehavior: dismiss and notify, webauthn:extension:credBlob: true, webauthn:extension:largeBlob: true, webauthn:virtualAuthenticators: true}&#10;Session ID: eb347b42e38525ce7f14abf8f4f1eb13" type="org.openqa.selenium.ElementClickInterceptedException"><![CDATA[org.openqa.selenium.ElementClickInterceptedException: 
element click intercepted: Element <a href="#" class="btn btn-light  d-flex align-items-center mx-auto btn-quickcart-add" product_id="33643" product_type="simple">...</a> is not clickable at point (579, 676). Other element would receive the click: <div id="quickcart-bottom-body" class="container-fluid align-items-center justify-content-between d-flex h-100 px-1 px-md-2">...</div>
  (Session info: chrome=101.0.4951.54)
Build info: version: '3.141.59', revision: 'e82be7d358', time: '2018-11-14T08:17:03'
System info: host: 'DESKTOP-G4453NC', ip: '192.168.0.115', os.name: 'Windows 10', os.arch: 'amd64', os.version: '10.0', java.version: '1.8.0_211'
Driver info: org.openqa.selenium.chrome.ChromeDriver
Capabilities {acceptInsecureCerts: false, browserName: chrome, browserVersion: 101.0.4951.54, chrome: {chromedriverVersion: 101.0.4951.41 (93c720db8323..., userDataDir: C:\Users\DimaA\AppData\Loca...}, goog:chromeOptions: {debuggerAddress: localhost:60634}, javascriptEnabled: true, networkConnectionEnabled: false, pageLoadStrategy: normal, platform: WINDOWS, platformName: WINDOWS, proxy: Proxy(), setWindowRect: true, strictFileInteractability: false, timeouts: {implicit: 0, pageLoad: 300000, script: 30000}, unhandledPromptBehavior: dismiss and notify, webauthn:extension:credBlob: true, webauthn:extension:largeBlob: true, webauthn:virtualAuthenticators: true}
Session ID: eb347b42e38525ce7f14abf8f4f1eb13
	at sanity.LadyMakeupWeb.test03_verify_orderItem(LadyMakeupWeb.java:30)
]]></failure>
    <system-out><![CDATA[Recorded Screen Cast File is Now Created
------------ Starting Test: test03_verify_orderItem ------------
------------ Test test03_verify_orderItem Failed ------------
Recorded Screen Cast File Stop Recording
]]></system-out>
  </testcase>
  <testcase name="test04_verify_orderItemDeletion" classname="sanity.LadyMakeupWeb" time="10.669"/>
  <testcase name="test05_verify_informationBar" classname="sanity.LadyMakeupWeb" time="0.362"/>
  <testcase name="test06_verify_logoImage" classname="sanity.LadyMakeupWeb" time="0.901">
    <failure message="unexpected alert open: {Alert text : Do you want to delete items from the basket?}&#10;  (Session info: chrome=101.0.4951.54): Do you want to delete items from the basket?&#10;Build info: version: &apos;3.141.59&apos;, revision: &apos;e82be7d358&apos;, time: &apos;2018-11-14T08:17:03&apos;&#10;System info: host: &apos;DESKTOP-G4453NC&apos;, ip: &apos;192.168.0.115&apos;, os.name: &apos;Windows 10&apos;, os.arch: &apos;amd64&apos;, os.version: &apos;10.0&apos;, java.version: &apos;1.8.0_211&apos;&#10;Driver info: org.openqa.selenium.chrome.ChromeDriver&#10;Capabilities {acceptInsecureCerts: false, browserName: chrome, browserVersion: 101.0.4951.54, chrome: {chromedriverVersion: 101.0.4951.41 (93c720db8323..., userDataDir: C:\Users\DimaA\AppData\Loca...}, goog:chromeOptions: {debuggerAddress: localhost:60634}, javascriptEnabled: true, networkConnectionEnabled: false, pageLoadStrategy: normal, platform: WINDOWS, platformName: WINDOWS, proxy: Proxy(), setWindowRect: true, strictFileInteractability: false, timeouts: {implicit: 0, pageLoad: 300000, script: 30000}, unhandledPromptBehavior: dismiss and notify, webauthn:extension:credBlob: true, webauthn:extension:largeBlob: true, webauthn:virtualAuthenticators: true}&#10;Session ID: eb347b42e38525ce7f14abf8f4f1eb13" type="org.openqa.selenium.UnhandledAlertException">org.openqa.selenium.UnhandledAlertException: 
unexpected alert open: {Alert text : Do you want to delete items from the basket?}
  (Session info: chrome=101.0.4951.54): Do you want to delete items from the basket?
Build info: version: '3.141.59', revision: 'e82be7d358', time: '2018-11-14T08:17:03'
System info: host: 'DESKTOP-G4453NC', ip: '192.168.0.115', os.name: 'Windows 10', os.arch: 'amd64', os.version: '10.0', java.version: '1.8.0_211'
Driver info: org.openqa.selenium.chrome.ChromeDriver
Capabilities {acceptInsecureCerts: false, browserName: chrome, browserVersion: 101.0.4951.54, chrome: {chromedriverVersion: 101.0.4951.41 (93c720db8323..., userDataDir: C:\Users\DimaA\AppData\Loca...}, goog:chromeOptions: {debuggerAddress: localhost:60634}, javascriptEnabled: true, networkConnectionEnabled: false, pageLoadStrategy: normal, platform: WINDOWS, platformName: WINDOWS, proxy: Proxy(), setWindowRect: true, strictFileInteractability: false, timeouts: {implicit: 0, pageLoad: 300000, script: 30000}, unhandledPromptBehavior: dismiss and notify, webauthn:extension:credBlob: true, webauthn:extension:largeBlob: true, webauthn:virtualAuthenticators: true}
Session ID: eb347b42e38525ce7f14abf8f4f1eb13
</failure>
    <system-out><![CDATA[Recorded Screen Cast File is Now Created
------------ Starting Test: test06_verify_logoImage ------------
Error Comparing Image FileFindFailed: C:\\Automation\\FinalProject\\ImageRepository\\LadymakeupLogo.png: (233x71) in R[0,0 1920x1080]@S(0)
  Line 2291, in file Region.java

------------ Test test06_verify_logoImage Failed ------------
Recorded Screen Cast File Stop Recording
------------ Test test06_verify_logoImage Failed ------------
Recorded Screen Cast File Stop Recording
]]></system-out>
  </testcase>
  <testcase name="test07_verify_itemAmount" classname="sanity.LadyMakeupWeb" time="3.042">
    <failure message="element click intercepted: Element &lt;a href=&quot;#&quot; class=&quot;btn btn-light  d-flex align-items-center mx-auto btn-quickcart-add&quot; product_id=&quot;46685&quot; product_type=&quot;simple&quot;&gt;...&lt;/a&gt; is not clickable at point (579, 679). Other element would receive the click: &lt;div id=&quot;quickcart-bottom-body&quot; class=&quot;container-fluid align-items-center justify-content-between d-flex h-100 px-1 px-md-2&quot;&gt;...&lt;/div&gt;&#10;  (Session info: chrome=101.0.4951.54)&#10;Build info: version: &apos;3.141.59&apos;, revision: &apos;e82be7d358&apos;, time: &apos;2018-11-14T08:17:03&apos;&#10;System info: host: &apos;DESKTOP-G4453NC&apos;, ip: &apos;192.168.0.115&apos;, os.name: &apos;Windows 10&apos;, os.arch: &apos;amd64&apos;, os.version: &apos;10.0&apos;, java.version: &apos;1.8.0_211&apos;&#10;Driver info: org.openqa.selenium.chrome.ChromeDriver&#10;Capabilities {acceptInsecureCerts: false, browserName: chrome, browserVersion: 101.0.4951.54, chrome: {chromedriverVersion: 101.0.4951.41 (93c720db8323..., userDataDir: C:\Users\DimaA\AppData\Loca...}, goog:chromeOptions: {debuggerAddress: localhost:60634}, javascriptEnabled: true, networkConnectionEnabled: false, pageLoadStrategy: normal, platform: WINDOWS, platformName: WINDOWS, proxy: Proxy(), setWindowRect: true, strictFileInteractability: false, timeouts: {implicit: 0, pageLoad: 300000, script: 30000}, unhandledPromptBehavior: dismiss and notify, webauthn:extension:credBlob: true, webauthn:extension:largeBlob: true, webauthn:virtualAuthenticators: true}&#10;Session ID: eb347b42e38525ce7f14abf8f4f1eb13" type="org.openqa.selenium.ElementClickInterceptedException"><![CDATA[org.openqa.selenium.ElementClickInterceptedException: 
element click intercepted: Element <a href="#" class="btn btn-light  d-flex align-items-center mx-auto btn-quickcart-add" product_id="46685" product_type="simple">...</a> is not clickable at point (579, 679). Other element would receive the click: <div id="quickcart-bottom-body" class="container-fluid align-items-center justify-content-between d-flex h-100 px-1 px-md-2">...</div>
  (Session info: chrome=101.0.4951.54)
Build info: version: '3.141.59', revision: 'e82be7d358', time: '2018-11-14T08:17:03'
System info: host: 'DESKTOP-G4453NC', ip: '192.168.0.115', os.name: 'Windows 10', os.arch: 'amd64', os.version: '10.0', java.version: '1.8.0_211'
Driver info: org.openqa.selenium.chrome.ChromeDriver
Capabilities {acceptInsecureCerts: false, browserName: chrome, browserVersion: 101.0.4951.54, chrome: {chromedriverVersion: 101.0.4951.41 (93c720db8323..., userDataDir: C:\Users\DimaA\AppData\Loca...}, goog:chromeOptions: {debuggerAddress: localhost:60634}, javascriptEnabled: true, networkConnectionEnabled: false, pageLoadStrategy: normal, platform: WINDOWS, platformName: WINDOWS, proxy: Proxy(), setWindowRect: true, strictFileInteractability: false, timeouts: {implicit: 0, pageLoad: 300000, script: 30000}, unhandledPromptBehavior: dismiss and notify, webauthn:extension:credBlob: true, webauthn:extension:largeBlob: true, webauthn:virtualAuthenticators: true}
Session ID: eb347b42e38525ce7f14abf8f4f1eb13
	at sanity.LadyMakeupWeb.test07_verify_itemAmount(LadyMakeupWeb.java:55)
]]></failure>
    <system-out><![CDATA[Recorded Screen Cast File is Now Created
------------ Starting Test: test07_verify_itemAmount ------------
------------ Test test07_verify_itemAmount Failed ------------
Recorded Screen Cast File Stop Recording
]]></system-out>
  </testcase>
  <testcase name="test07_verify_itemAmount" classname="sanity.LadyMakeupWeb" time="3.037">
    <failure message="element click intercepted: Element &lt;a href=&quot;#&quot; class=&quot;btn btn-light  d-flex align-items-center mx-auto btn-quickcart-add&quot; product_id=&quot;46685&quot; product_type=&quot;simple&quot;&gt;...&lt;/a&gt; is not clickable at point (579, 679). Other element would receive the click: &lt;div id=&quot;quickcart-bottom-body&quot; class=&quot;container-fluid align-items-center justify-content-between d-flex h-100 px-1 px-md-2&quot;&gt;...&lt;/div&gt;&#10;  (Session info: chrome=101.0.4951.54)&#10;Build info: version: &apos;3.141.59&apos;, revision: &apos;e82be7d358&apos;, time: &apos;2018-11-14T08:17:03&apos;&#10;System info: host: &apos;DESKTOP-G4453NC&apos;, ip: &apos;192.168.0.115&apos;, os.name: &apos;Windows 10&apos;, os.arch: &apos;amd64&apos;, os.version: &apos;10.0&apos;, java.version: &apos;1.8.0_211&apos;&#10;Driver info: org.openqa.selenium.chrome.ChromeDriver&#10;Capabilities {acceptInsecureCerts: false, browserName: chrome, browserVersion: 101.0.4951.54, chrome: {chromedriverVersion: 101.0.4951.41 (93c720db8323..., userDataDir: C:\Users\DimaA\AppData\Loca...}, goog:chromeOptions: {debuggerAddress: localhost:60634}, javascriptEnabled: true, networkConnectionEnabled: false, pageLoadStrategy: normal, platform: WINDOWS, platformName: WINDOWS, proxy: Proxy(), setWindowRect: true, strictFileInteractability: false, timeouts: {implicit: 0, pageLoad: 300000, script: 30000}, unhandledPromptBehavior: dismiss and notify, webauthn:extension:credBlob: true, webauthn:extension:largeBlob: true, webauthn:virtualAuthenticators: true}&#10;Session ID: eb347b42e38525ce7f14abf8f4f1eb13" type="org.openqa.selenium.ElementClickInterceptedException"><![CDATA[org.openqa.selenium.ElementClickInterceptedException: 
element click intercepted: Element <a href="#" class="btn btn-light  d-flex align-items-center mx-auto btn-quickcart-add" product_id="46685" product_type="simple">...</a> is not clickable at point (579, 679). Other element would receive the click: <div id="quickcart-bottom-body" class="container-fluid align-items-center justify-content-between d-flex h-100 px-1 px-md-2">...</div>
  (Session info: chrome=101.0.4951.54)
Build info: version: '3.141.59', revision: 'e82be7d358', time: '2018-11-14T08:17:03'
System info: host: 'DESKTOP-G4453NC', ip: '192.168.0.115', os.name: 'Windows 10', os.arch: 'amd64', os.version: '10.0', java.version: '1.8.0_211'
Driver info: org.openqa.selenium.chrome.ChromeDriver
Capabilities {acceptInsecureCerts: false, browserName: chrome, browserVersion: 101.0.4951.54, chrome: {chromedriverVersion: 101.0.4951.41 (93c720db8323..., userDataDir: C:\Users\DimaA\AppData\Loca...}, goog:chromeOptions: {debuggerAddress: localhost:60634}, javascriptEnabled: true, networkConnectionEnabled: false, pageLoadStrategy: normal, platform: WINDOWS, platformName: WINDOWS, proxy: Proxy(), setWindowRect: true, strictFileInteractability: false, timeouts: {implicit: 0, pageLoad: 300000, script: 30000}, unhandledPromptBehavior: dismiss and notify, webauthn:extension:credBlob: true, webauthn:extension:largeBlob: true, webauthn:virtualAuthenticators: true}
Session ID: eb347b42e38525ce7f14abf8f4f1eb13
	at sanity.LadyMakeupWeb.test07_verify_itemAmount(LadyMakeupWeb.java:55)
]]></failure>
    <system-out><![CDATA[Recorded Screen Cast File is Now Created
------------ Starting Test: test07_verify_itemAmount ------------
------------ Test test07_verify_itemAmount Failed ------------
Recorded Screen Cast File Stop Recording
]]></system-out>
  </testcase>
</testsuite>